{"D:\\Current\\frontend-challenge\\frontend\\src\\utils\\csvValidator.ts": {"path":"D:\\Current\\frontend-challenge\\frontend\\src\\utils\\csvValidator.ts","statementMap":{"0":{"start":{"line":20,"column":39},"end":{"line":28,"column":null}},"1":{"start":{"line":30,"column":33},"end":{"line":30,"column":null}},"2":{"start":{"line":32,"column":35},"end":{"line":36,"column":null}},"3":{"start":{"line":38,"column":34},"end":{"line":38,"column":null}},"4":{"start":{"line":39,"column":29},"end":{"line":39,"column":null}},"5":{"start":{"line":40,"column":31},"end":{"line":40,"column":null}},"6":{"start":{"line":46,"column":30},"end":{"line":133,"column":null}},"7":{"start":{"line":147,"column":62},"end":{"line":174,"column":null}},"8":{"start":{"line":207,"column":32},"end":{"line":207,"column":null}},"9":{"start":{"line":208,"column":41},"end":{"line":208,"column":null}},"10":{"start":{"line":210,"column":2},"end":{"line":233,"column":null}},"11":{"start":{"line":210,"column":15},"end":{"line":210,"column":18}},"12":{"start":{"line":211,"column":19},"end":{"line":211,"column":null}},"13":{"start":{"line":214,"column":44},"end":{"line":214,"column":null}},"14":{"start":{"line":215,"column":4},"end":{"line":217,"column":null}},"15":{"start":{"line":216,"column":6},"end":{"line":216,"column":null}},"16":{"start":{"line":219,"column":19},"end":{"line":219,"column":null}},"17":{"start":{"line":221,"column":4},"end":{"line":232,"column":null}},"18":{"start":{"line":222,"column":6},"end":{"line":222,"column":null}},"19":{"start":{"line":224,"column":6},"end":{"line":231,"column":null}},"20":{"start":{"line":235,"column":2},"end":{"line":235,"column":null}}},"fnMap":{"0":{"name":"validateClaimRows","decl":{"start":{"line":204,"column":16},"end":{"line":204,"column":null}},"loc":{"start":{"line":206,"column":20},"end":{"line":236,"column":null}},"line":206}},"branchMap":{"0":{"loc":{"start":{"line":216,"column":26},"end":{"line":216,"column":null}},"type":"binary-expr","locations":[{"start":{"line":216,"column":26},"end":{"line":216,"column":47}},{"start":{"line":216,"column":47},"end":{"line":216,"column":68}},{"start":{"line":216,"column":68},"end":{"line":216,"column":null}}],"line":216},"1":{"loc":{"start":{"line":221,"column":4},"end":{"line":232,"column":null}},"type":"if","locations":[{"start":{"line":221,"column":4},"end":{"line":232,"column":null}},{"start":{"line":223,"column":11},"end":{"line":232,"column":null}}],"line":221}},"s":{"0":1,"1":1,"2":1,"3":1,"4":1,"5":1,"6":1,"7":1,"8":4,"9":4,"10":4,"11":4,"12":4,"13":4,"14":4,"15":104,"16":4,"17":4,"18":1,"19":3,"20":4},"f":{"0":4},"b":{"0":[104,2,2],"1":[1,3]},"meta":{"lastBranch":2,"lastFunction":1,"lastStatement":21,"seen":{"s:20:39:28:Infinity":0,"s:30:33:30:Infinity":1,"s:32:35:36:Infinity":2,"s:38:34:38:Infinity":3,"s:39:29:39:Infinity":4,"s:40:31:40:Infinity":5,"s:46:30:133:Infinity":6,"s:147:62:174:Infinity":7,"f:204:16:204:Infinity":0,"s:207:32:207:Infinity":8,"s:208:41:208:Infinity":9,"s:210:2:233:Infinity":10,"s:210:15:210:18":11,"s:211:19:211:Infinity":12,"s:214:44:214:Infinity":13,"s:215:4:217:Infinity":14,"s:216:6:216:Infinity":15,"b:216:26:216:47:216:47:216:68:216:68:216:Infinity":0,"s:219:19:219:Infinity":16,"b:221:4:232:Infinity:223:11:232:Infinity":1,"s:221:4:232:Infinity":17,"s:222:6:222:Infinity":18,"s:224:6:231:Infinity":19,"s:235:2:235:Infinity":20}}}
,"D:\\Current\\frontend-challenge\\frontend\\src\\utils\\mrfMapper.ts": {"path":"D:\\Current\\frontend-challenge\\frontend\\src\\utils\\mrfMapper.ts","statementMap":{"0":{"start":{"line":98,"column":2},"end":{"line":125,"column":null}},"1":{"start":{"line":137,"column":2},"end":{"line":139,"column":null}}},"fnMap":{"0":{"name":"mapClaimToApiPayload","decl":{"start":{"line":97,"column":16},"end":{"line":97,"column":37}},"loc":{"start":{"line":97,"column":64},"end":{"line":126,"column":null}},"line":97},"1":{"name":"buildMrfPayload","decl":{"start":{"line":134,"column":16},"end":{"line":134,"column":null}},"loc":{"start":{"line":136,"column":24},"end":{"line":140,"column":null}},"line":136}},"branchMap":{"0":{"loc":{"start":{"line":115,"column":18},"end":{"line":115,"column":null}},"type":"binary-expr","locations":[{"start":{"line":115,"column":18},"end":{"line":115,"column":40}},{"start":{"line":115,"column":40},"end":{"line":115,"column":null}}],"line":115},"1":{"loc":{"start":{"line":116,"column":16},"end":{"line":116,"column":null}},"type":"binary-expr","locations":[{"start":{"line":116,"column":16},"end":{"line":116,"column":36}},{"start":{"line":116,"column":36},"end":{"line":116,"column":null}}],"line":116}},"s":{"0":4,"1":1},"f":{"0":4,"1":1},"b":{"0":[4,0],"1":[4,0]},"meta":{"lastBranch":2,"lastFunction":2,"lastStatement":2,"seen":{"f:97:16:97:37":0,"s:98:2:125:Infinity":0,"b:115:18:115:40:115:40:115:Infinity":0,"b:116:16:116:36:116:36:116:Infinity":1,"f:134:16:134:Infinity":1,"s:137:2:139:Infinity":1}}}
}
