<?xml version="1.0" encoding="UTF-8"?>
<coverage generated="1779512293258" clover="3.2.0">
  <project timestamp="1779512293258" name="All files">
    <metrics statements="80" coveredstatements="80" conditionals="24" coveredconditionals="22" methods="12" coveredmethods="12" elements="116" coveredelements="114" complexity="0" loc="80" ncloc="80" packages="1" files="1" classes="1"/>
    <file name="mrf-generator.ts" path="D:\Current\frontend-challenge\backend\src\services\mrf-generator.ts">
      <metrics statements="80" coveredstatements="80" conditionals="24" coveredconditionals="22" methods="12" coveredmethods="12"/>
      <line num="122" count="10" type="cond" truecount="2" falsecount="0"/>
      <line num="124" count="9" type="cond" truecount="2" falsecount="0"/>
      <line num="126" count="8" type="cond" truecount="2" falsecount="0"/>
      <line num="127" count="1" type="stmt"/>
      <line num="135" count="16" type="stmt"/>
      <line num="137" count="16" type="stmt"/>
      <line num="139" count="14" type="cond" truecount="2" falsecount="0"/>
      <line num="141" count="14" type="stmt"/>
      <line num="143" count="14" type="stmt"/>
      <line num="144" count="14" type="cond" truecount="2" falsecount="0"/>
      <line num="145" count="2" type="stmt"/>
      <line num="146" count="2" type="stmt"/>
      <line num="148" count="12" type="stmt"/>
      <line num="162" count="16" type="stmt"/>
      <line num="179" count="8" type="stmt"/>
      <line num="180" count="14" type="stmt"/>
      <line num="182" count="8" type="stmt"/>
      <line num="185" count="8" type="stmt"/>
      <line num="186" count="8" type="stmt"/>
      <line num="187" count="11" type="cond" truecount="2" falsecount="0"/>
      <line num="188" count="11" type="stmt"/>
      <line num="189" count="11" type="stmt"/>
      <line num="192" count="8" type="stmt"/>
      <line num="193" count="8" type="stmt"/>
      <line num="194" count="9" type="stmt"/>
      <line num="195" count="11" type="stmt"/>
      <line num="196" count="11" type="cond" truecount="1" falsecount="1"/>
      <line num="198" count="11" type="stmt"/>
      <line num="213" count="9" type="stmt"/>
      <line num="224" count="8" type="stmt"/>
      <line num="242" count="8" type="stmt"/>
      <line num="243" count="14" type="stmt"/>
      <line num="245" count="8" type="stmt"/>
      <line num="247" count="8" type="stmt"/>
      <line num="248" count="8" type="stmt"/>
      <line num="249" count="1" type="cond" truecount="2" falsecount="0"/>
      <line num="250" count="1" type="stmt"/>
      <line num="251" count="1" type="stmt"/>
      <line num="254" count="8" type="stmt"/>
      <line num="255" count="8" type="stmt"/>
      <line num="256" count="1" type="stmt"/>
      <line num="257" count="1" type="stmt"/>
      <line num="258" count="1" type="cond" truecount="1" falsecount="1"/>
      <line num="260" count="1" type="stmt"/>
      <line num="274" count="1" type="stmt"/>
      <line num="285" count="8" type="stmt"/>
      <line num="302" count="6" type="stmt"/>
      <line num="314" count="6" type="stmt"/>
      <line num="316" count="6" type="stmt"/>
      <line num="318" count="6" type="stmt"/>
      <line num="319" count="8" type="stmt"/>
      <line num="323" count="8" type="stmt"/>
      <line num="326" count="8" type="stmt"/>
      <line num="327" count="8" type="stmt"/>
      <line num="328" count="16" type="stmt"/>
      <line num="334" count="8" type="stmt"/>
      <line num="347" count="8" type="stmt"/>
      <line num="350" count="6" type="stmt"/>
      <line num="359" count="6" type="stmt"/>
      <line num="361" count="6" type="stmt"/>
      <line num="363" count="14" type="stmt"/>
      <line num="364" count="14" type="stmt"/>
      <line num="366" count="14" type="cond" truecount="2" falsecount="0"/>
      <line num="367" count="14" type="stmt"/>
      <line num="368" count="14" type="stmt"/>
      <line num="371" count="6" type="stmt"/>
      <line num="380" count="8" type="stmt"/>
      <line num="384" count="8" type="stmt"/>
      <line num="385" count="14" type="cond" truecount="2" falsecount="0"/>
      <line num="386" count="8" type="stmt"/>
      <line num="393" count="8" type="stmt"/>
      <line num="394" count="8" type="stmt"/>
      <line num="395" count="8" type="stmt"/>
      <line num="397" count="8" type="stmt"/>
      <line num="398" count="8" type="stmt"/>
      <line num="407" count="8" type="stmt"/>
      <line num="408" count="8" type="stmt"/>
      <line num="411" count="8" type="stmt"/>
      <line num="419" count="1" type="stmt"/>
      <line num="430" count="12" type="cond" truecount="2" falsecount="0"/>
    </file>
  </project>
</coverage>
