{"D:\\Current\\frontend-challenge\\backend\\src\\services\\mrf-generator.ts": {"path":"D:\\Current\\frontend-challenge\\backend\\src\\services\\mrf-generator.ts","statementMap":{"0":{"start":{"line":122,"column":2},"end":{"line":122,"column":null}},"1":{"start":{"line":122,"column":37},"end":{"line":122,"column":null}},"2":{"start":{"line":124,"column":2},"end":{"line":124,"column":null}},"3":{"start":{"line":124,"column":42},"end":{"line":124,"column":null}},"4":{"start":{"line":126,"column":2},"end":{"line":126,"column":null}},"5":{"start":{"line":126,"column":37},"end":{"line":126,"column":null}},"6":{"start":{"line":127,"column":2},"end":{"line":127,"column":null}},"7":{"start":{"line":135,"column":17},"end":{"line":135,"column":null}},"8":{"start":{"line":137,"column":2},"end":{"line":160,"column":null}},"9":{"start":{"line":139,"column":6},"end":{"line":139,"column":null}},"10":{"start":{"line":141,"column":16},"end":{"line":141,"column":null}},"11":{"start":{"line":143,"column":21},"end":{"line":143,"column":null}},"12":{"start":{"line":144,"column":4},"end":{"line":159,"column":null}},"13":{"start":{"line":145,"column":6},"end":{"line":145,"column":null}},"14":{"start":{"line":146,"column":6},"end":{"line":146,"column":null}},"15":{"start":{"line":148,"column":6},"end":{"line":158,"column":null}},"16":{"start":{"line":162,"column":2},"end":{"line":162,"column":null}},"17":{"start":{"line":179,"column":31},"end":{"line":181,"column":null}},"18":{"start":{"line":180,"column":13},"end":{"line":180,"column":null}},"19":{"start":{"line":182,"column":23},"end":{"line":182,"column":null}},"20":{"start":{"line":185,"column":24},"end":{"line":185,"column":null}},"21":{"start":{"line":186,"column":4},"end":{"line":190,"column":null}},"22":{"start":{"line":187,"column":23},"end":{"line":187,"column":null}},"23":{"start":{"line":188,"column":6},"end":{"line":188,"column":null}},"24":{"start":{"line":189,"column":6},"end":{"line":189,"column":null}},"25":{"start":{"line":192,"column":35},"end":{"line":192,"column":null}},"26":{"start":{"line":193,"column":4},"end":{"line":222,"column":null}},"27":{"start":{"line":194,"column":48},"end":{"line":211,"column":null}},"28":{"start":{"line":195,"column":31},"end":{"line":195,"column":null}},"29":{"start":{"line":196,"column":28},"end":{"line":196,"column":null}},"30":{"start":{"line":198,"column":8},"end":{"line":210,"column":null}},"31":{"start":{"line":213,"column":6},"end":{"line":221,"column":null}},"32":{"start":{"line":224,"column":4},"end":{"line":224,"column":null}},"33":{"start":{"line":242,"column":32},"end":{"line":244,"column":null}},"34":{"start":{"line":243,"column":13},"end":{"line":243,"column":null}},"35":{"start":{"line":245,"column":23},"end":{"line":245,"column":null}},"36":{"start":{"line":247,"column":24},"end":{"line":247,"column":null}},"37":{"start":{"line":248,"column":4},"end":{"line":252,"column":null}},"38":{"start":{"line":249,"column":23},"end":{"line":249,"column":null}},"39":{"start":{"line":250,"column":6},"end":{"line":250,"column":null}},"40":{"start":{"line":251,"column":6},"end":{"line":251,"column":null}},"41":{"start":{"line":254,"column":35},"end":{"line":254,"column":null}},"42":{"start":{"line":255,"column":4},"end":{"line":283,"column":null}},"43":{"start":{"line":256,"column":48},"end":{"line":272,"column":null}},"44":{"start":{"line":257,"column":31},"end":{"line":257,"column":null}},"45":{"start":{"line":258,"column":28},"end":{"line":258,"column":null}},"46":{"start":{"line":260,"column":8},"end":{"line":271,"column":null}},"47":{"start":{"line":274,"column":6},"end":{"line":282,"column":null}},"48":{"start":{"line":285,"column":4},"end":{"line":285,"column":null}},"49":{"start":{"line":302,"column":57},"end":{"line":305,"column":null}},"50":{"start":{"line":314,"column":26},"end":{"line":314,"column":null}},"51":{"start":{"line":316,"column":20},"end":{"line":316,"column":null}},"52":{"start":{"line":318,"column":4},"end":{"line":348,"column":null}},"53":{"start":{"line":319,"column":25},"end":{"line":319,"column":null}},"54":{"start":{"line":323,"column":8},"end":{"line":323,"column":null}},"55":{"start":{"line":326,"column":46},"end":{"line":326,"column":null}},"56":{"start":{"line":327,"column":6},"end":{"line":331,"column":null}},"57":{"start":{"line":328,"column":8},"end":{"line":330,"column":null}},"58":{"start":{"line":334,"column":31},"end":{"line":345,"column":null}},"59":{"start":{"line":347,"column":6},"end":{"line":347,"column":null}},"60":{"start":{"line":350,"column":4},"end":{"line":350,"column":null}},"61":{"start":{"line":359,"column":19},"end":{"line":359,"column":null}},"62":{"start":{"line":361,"column":4},"end":{"line":369,"column":null}},"63":{"start":{"line":363,"column":24},"end":{"line":363,"column":null}},"64":{"start":{"line":364,"column":18},"end":{"line":364,"column":null}},"65":{"start":{"line":366,"column":23},"end":{"line":366,"column":null}},"66":{"start":{"line":367,"column":6},"end":{"line":367,"column":null}},"67":{"start":{"line":368,"column":6},"end":{"line":368,"column":null}},"68":{"start":{"line":371,"column":4},"end":{"line":371,"column":null}},"69":{"start":{"line":380,"column":24},"end":{"line":383,"column":null}},"70":{"start":{"line":384,"column":4},"end":{"line":391,"column":null}},"71":{"start":{"line":385,"column":6},"end":{"line":390,"column":null}},"72":{"start":{"line":386,"column":8},"end":{"line":389,"column":null}},"73":{"start":{"line":393,"column":52},"end":{"line":393,"column":null}},"74":{"start":{"line":394,"column":29},"end":{"line":394,"column":null}},"75":{"start":{"line":395,"column":16},"end":{"line":395,"column":null}},"76":{"start":{"line":397,"column":4},"end":{"line":409,"column":null}},"77":{"start":{"line":398,"column":6},"end":{"line":406,"column":null}},"78":{"start":{"line":407,"column":6},"end":{"line":407,"column":null}},"79":{"start":{"line":408,"column":6},"end":{"line":408,"column":null}},"80":{"start":{"line":411,"column":4},"end":{"line":411,"column":null}},"81":{"start":{"line":419,"column":58},"end":{"line":427,"column":null}},"82":{"start":{"line":430,"column":2},"end":{"line":430,"column":null}}},"fnMap":{"0":{"name":"inferBillingCodeType","decl":{"start":{"line":118,"column":9},"end":{"line":118,"column":null}},"loc":{"start":{"line":120,"column":44},"end":{"line":128,"column":null}},"line":120},"1":{"name":"aggregateClaims","decl":{"start":{"line":134,"column":9},"end":{"line":134,"column":25}},"loc":{"start":{"line":134,"column":72},"end":{"line":163,"column":null}},"line":134},"2":{"name":"(anonymous_2)","decl":{"start":{"line":174,"column":2},"end":{"line":174,"column":null}},"loc":{"start":{"line":177,"column":21},"end":{"line":225,"column":null}},"line":177},"3":{"name":"(anonymous_3)","decl":{"start":{"line":179,"column":38},"end":{"line":179,"column":null}},"loc":{"start":{"line":180,"column":13},"end":{"line":180,"column":null}},"line":180},"4":{"name":"(anonymous_4)","decl":{"start":{"line":194,"column":55},"end":{"line":194,"column":60}},"loc":{"start":{"line":194,"column":70},"end":{"line":211,"column":7}},"line":194},"5":{"name":"(anonymous_5)","decl":{"start":{"line":237,"column":2},"end":{"line":237,"column":null}},"loc":{"start":{"line":240,"column":21},"end":{"line":286,"column":null}},"line":240},"6":{"name":"(anonymous_6)","decl":{"start":{"line":242,"column":39},"end":{"line":242,"column":null}},"loc":{"start":{"line":243,"column":13},"end":{"line":243,"column":null}},"line":243},"7":{"name":"(anonymous_7)","decl":{"start":{"line":256,"column":55},"end":{"line":256,"column":60}},"loc":{"start":{"line":256,"column":70},"end":{"line":272,"column":7}},"line":256},"8":{"name":"(anonymous_8)","decl":{"start":{"line":312,"column":2},"end":{"line":312,"column":11}},"loc":{"start":{"line":312,"column":54},"end":{"line":351,"column":null}},"line":312},"9":{"name":"(anonymous_9)","decl":{"start":{"line":358,"column":2},"end":{"line":358,"column":10}},"loc":{"start":{"line":358,"column":76},"end":{"line":372,"column":null}},"line":358},"10":{"name":"(anonymous_10)","decl":{"start":{"line":375,"column":2},"end":{"line":375,"column":10}},"loc":{"start":{"line":378,"column":4},"end":{"line":412,"column":null}},"line":378},"11":{"name":"mapPlaceOfServiceToCode","decl":{"start":{"line":429,"column":9},"end":{"line":429,"column":33}},"loc":{"start":{"line":429,"column":65},"end":{"line":431,"column":null}},"line":429}},"branchMap":{"0":{"loc":{"start":{"line":122,"column":2},"end":{"line":122,"column":null}},"type":"if","locations":[{"start":{"line":122,"column":2},"end":{"line":122,"column":null}},{"start":{},"end":{}}],"line":122},"1":{"loc":{"start":{"line":124,"column":2},"end":{"line":124,"column":null}},"type":"if","locations":[{"start":{"line":124,"column":2},"end":{"line":124,"column":null}},{"start":{},"end":{}}],"line":124},"2":{"loc":{"start":{"line":126,"column":2},"end":{"line":126,"column":null}},"type":"if","locations":[{"start":{"line":126,"column":2},"end":{"line":126,"column":null}},{"start":{},"end":{}}],"line":126},"3":{"loc":{"start":{"line":139,"column":6},"end":{"line":139,"column":null}},"type":"cond-expr","locations":[{"start":{"line":139,"column":43},"end":{"line":139,"column":60}},{"start":{"line":139,"column":60},"end":{"line":139,"column":null}}],"line":139},"4":{"loc":{"start":{"line":144,"column":4},"end":{"line":159,"column":null}},"type":"if","locations":[{"start":{"line":144,"column":4},"end":{"line":159,"column":null}},{"start":{"line":147,"column":11},"end":{"line":159,"column":null}}],"line":144},"5":{"loc":{"start":{"line":187,"column":23},"end":{"line":187,"column":null}},"type":"binary-expr","locations":[{"start":{"line":187,"column":23},"end":{"line":187,"column":67}},{"start":{"line":187,"column":67},"end":{"line":187,"column":null}}],"line":187},"6":{"loc":{"start":{"line":196,"column":28},"end":{"line":196,"column":null}},"type":"binary-expr","locations":[{"start":{"line":196,"column":28},"end":{"line":196,"column":74}},{"start":{"line":196,"column":74},"end":{"line":196,"column":null}}],"line":196},"7":{"loc":{"start":{"line":249,"column":23},"end":{"line":249,"column":null}},"type":"binary-expr","locations":[{"start":{"line":249,"column":23},"end":{"line":249,"column":67}},{"start":{"line":249,"column":67},"end":{"line":249,"column":null}}],"line":249},"8":{"loc":{"start":{"line":258,"column":28},"end":{"line":258,"column":null}},"type":"binary-expr","locations":[{"start":{"line":258,"column":28},"end":{"line":258,"column":74}},{"start":{"line":258,"column":74},"end":{"line":258,"column":null}}],"line":258},"9":{"loc":{"start":{"line":366,"column":23},"end":{"line":366,"column":null}},"type":"binary-expr","locations":[{"start":{"line":366,"column":23},"end":{"line":366,"column":42}},{"start":{"line":366,"column":42},"end":{"line":366,"column":null}}],"line":366},"10":{"loc":{"start":{"line":385,"column":6},"end":{"line":390,"column":null}},"type":"if","locations":[{"start":{"line":385,"column":6},"end":{"line":390,"column":null}},{"start":{},"end":{}}],"line":385},"11":{"loc":{"start":{"line":430,"column":9},"end":{"line":430,"column":null}},"type":"binary-expr","locations":[{"start":{"line":430,"column":9},"end":{"line":430,"column":54}},{"start":{"line":430,"column":54},"end":{"line":430,"column":null}}],"line":430}},"s":{"0":10,"1":1,"2":9,"3":1,"4":8,"5":7,"6":1,"7":16,"8":16,"9":14,"10":14,"11":14,"12":14,"13":2,"14":2,"15":12,"16":16,"17":8,"18":14,"19":8,"20":8,"21":8,"22":11,"23":11,"24":11,"25":8,"26":8,"27":9,"28":11,"29":11,"30":11,"31":9,"32":8,"33":8,"34":14,"35":8,"36":8,"37":8,"38":1,"39":1,"40":1,"41":8,"42":8,"43":1,"44":1,"45":1,"46":1,"47":1,"48":8,"49":6,"50":6,"51":6,"52":6,"53":8,"54":8,"55":8,"56":8,"57":16,"58":8,"59":8,"60":6,"61":6,"62":6,"63":14,"64":14,"65":14,"66":14,"67":14,"68":6,"69":8,"70":8,"71":14,"72":8,"73":8,"74":8,"75":8,"76":8,"77":8,"78":8,"79":8,"80":8,"81":1,"82":12},"f":{"0":10,"1":16,"2":8,"3":14,"4":11,"5":8,"6":14,"7":1,"8":6,"9":6,"10":8,"11":12},"b":{"0":[1,9],"1":[1,8],"2":[7,1],"3":[13,1],"4":[2,12],"5":[11,9],"6":[11,0],"7":[1,1],"8":[1,0],"9":[14,8],"10":[8,6],"11":[12,10]},"meta":{"lastBranch":12,"lastFunction":12,"lastStatement":83,"seen":{"f:118:9:118:Infinity":0,"b:122:2:122:Infinity:undefined:undefined:undefined:undefined":0,"s:122:2:122:Infinity":0,"s:122:37:122:Infinity":1,"b:124:2:124:Infinity:undefined:undefined:undefined:undefined":1,"s:124:2:124:Infinity":2,"s:124:42:124:Infinity":3,"b:126:2:126:Infinity:undefined:undefined:undefined:undefined":2,"s:126:2:126:Infinity":4,"s:126:37:126:Infinity":5,"s:127:2:127:Infinity":6,"f:134:9:134:25":1,"s:135:17:135:Infinity":7,"s:137:2:160:Infinity":8,"s:139:6:139:Infinity":9,"b:139:43:139:60:139:60:139:Infinity":3,"s:141:16:141:Infinity":10,"s:143:21:143:Infinity":11,"b:144:4:159:Infinity:147:11:159:Infinity":4,"s:144:4:159:Infinity":12,"s:145:6:145:Infinity":13,"s:146:6:146:Infinity":14,"s:148:6:158:Infinity":15,"s:162:2:162:Infinity":16,"f:174:2:174:Infinity":2,"s:179:31:181:Infinity":17,"f:179:38:179:Infinity":3,"s:180:13:180:Infinity":18,"s:182:23:182:Infinity":19,"s:185:24:185:Infinity":20,"s:186:4:190:Infinity":21,"s:187:23:187:Infinity":22,"b:187:23:187:67:187:67:187:Infinity":5,"s:188:6:188:Infinity":23,"s:189:6:189:Infinity":24,"s:192:35:192:Infinity":25,"s:193:4:222:Infinity":26,"s:194:48:211:Infinity":27,"f:194:55:194:60":4,"s:195:31:195:Infinity":28,"s:196:28:196:Infinity":29,"b:196:28:196:74:196:74:196:Infinity":6,"s:198:8:210:Infinity":30,"s:213:6:221:Infinity":31,"s:224:4:224:Infinity":32,"f:237:2:237:Infinity":5,"s:242:32:244:Infinity":33,"f:242:39:242:Infinity":6,"s:243:13:243:Infinity":34,"s:245:23:245:Infinity":35,"s:247:24:247:Infinity":36,"s:248:4:252:Infinity":37,"s:249:23:249:Infinity":38,"b:249:23:249:67:249:67:249:Infinity":7,"s:250:6:250:Infinity":39,"s:251:6:251:Infinity":40,"s:254:35:254:Infinity":41,"s:255:4:283:Infinity":42,"s:256:48:272:Infinity":43,"f:256:55:256:60":7,"s:257:31:257:Infinity":44,"s:258:28:258:Infinity":45,"b:258:28:258:74:258:74:258:Infinity":8,"s:260:8:271:Infinity":46,"s:274:6:282:Infinity":47,"s:285:4:285:Infinity":48,"s:302:57:305:Infinity":49,"f:312:2:312:11":8,"s:314:26:314:Infinity":50,"s:316:20:316:Infinity":51,"s:318:4:348:Infinity":52,"s:319:25:319:Infinity":53,"s:323:8:323:Infinity":54,"s:326:46:326:Infinity":55,"s:327:6:331:Infinity":56,"s:328:8:330:Infinity":57,"s:334:31:345:Infinity":58,"s:347:6:347:Infinity":59,"s:350:4:350:Infinity":60,"f:358:2:358:10":9,"s:359:19:359:Infinity":61,"s:361:4:369:Infinity":62,"s:363:24:363:Infinity":63,"s:364:18:364:Infinity":64,"s:366:23:366:Infinity":65,"b:366:23:366:42:366:42:366:Infinity":9,"s:367:6:367:Infinity":66,"s:368:6:368:Infinity":67,"s:371:4:371:Infinity":68,"f:375:2:375:10":10,"s:380:24:383:Infinity":69,"s:384:4:391:Infinity":70,"b:385:6:390:Infinity:undefined:undefined:undefined:undefined":10,"s:385:6:390:Infinity":71,"s:386:8:389:Infinity":72,"s:393:52:393:Infinity":73,"s:394:29:394:Infinity":74,"s:395:16:395:Infinity":75,"s:397:4:409:Infinity":76,"s:398:6:406:Infinity":77,"s:407:6:407:Infinity":78,"s:408:6:408:Infinity":79,"s:411:4:411:Infinity":80,"s:419:58:427:Infinity":81,"f:429:9:429:33":11,"s:430:2:430:Infinity":82,"b:430:9:430:54:430:54:430:Infinity":11}}}
}
